<?xml version="1.0" encoding="UTF-8"?>
<!-- Generated by org.testng.reporters.JUnitReportReporter -->
<testsuite hostname="Jeni-Nitro-5" failures="0" tests="2" name="testngScripts.Testgroup1" time="0.012" errors="0" timestamp="2024-09-19T12:27:56 BST" skipped="0">
  <testcase classname="testngScripts.Testgroup1" name="Test1" time="0.009"/>
  <system-out/>
  <testcase classname="testngScripts.Testgroup1" name="Test2" time="0.003"/>
  <system-out/>
</testsuite> <!-- testngScripts.Testgroup1 -->
