<?xml version="1.0" encoding="UTF-8"?>
<!-- Generated by org.testng.reporters.JUnitReportReporter -->
<testsuite hostname="Jeni-Nitro-5" failures="0" tests="1" name="testngScripts.SampleTestNg" time="3.969" errors="0" timestamp="2024-09-17T00:31:32 BST" skipped="0">
  <testcase classname="testngScripts.SampleTestNg" name="searchTest" time="3.969"/>
  <system-out/>
</testsuite> <!-- testngScripts.SampleTestNg -->
