<?xml version="1.0" encoding="UTF-8"?>
<!-- Generated by org.testng.reporters.JUnitReportReporter -->
<testsuite hostname="Jeni-Nitro-5" failures="0" tests="1" name="demoworkshopTest.OrderTest" time="10.124" errors="0" timestamp="2024-10-22T23:59:30 BST" skipped="0">
  <testcase classname="demoworkshopTest.OrderTest" name="testOrderProcess" time="10.124"/>
  <system-out/>
</testsuite> <!-- demoworkshopTest.OrderTest -->
