<?xml version="1.0" encoding="UTF-8"?>
<!-- Generated by org.testng.reporters.JUnitReportReporter -->
<testsuite hostname="Jeni-Nitro-5" failures="0" tests="1" name="testngScripts.SampleTestNg" time="2.298" errors="0" timestamp="2024-09-17T16:04:53 BST" skipped="0">
  <testcase classname="testngScripts.SampleTestNg" name="searchTest" time="2.298"/>
  <system-out/>
</testsuite> <!-- testngScripts.SampleTestNg -->
